<?xml version="1.0" encoding="UTF-8"?>
<!-- Generated by org.testng.reporters.JUnitXMLReporter -->
<testsuite hostname="BHAVNAWKS093" name="Test" tests="3" failures="0" timestamp="1 May 2019 06:09:12 GMT" time="3.046" errors="0">
  <testcase name="@BeforeClass prepareSetUp" time="0.0" classname="com.qa.test.CreditCard">
    <failure type="java.lang.NullPointerException">
      <![CDATA[java.lang.NullPointerException
	at com.qa.test.BaseClass.launchApp(BaseClass.java:79)
	at com.qa.test.BaseClass.prepareSetUp(BaseClass.java:44)
	at java.util.concurrent.ThreadPoolExecutor.runWorker(Unknown Source)
	at java.util.concurrent.ThreadPoolExecutor$Worker.run(Unknown Source)
	at java.lang.Thread.run(Unknown Source)
... Removed 10 stack frames]]>
    </failure>
  </testcase> <!-- @BeforeClass prepareSetUp -->
  <testcase name="@BeforeMethod extentReport" time="0.0" classname="com.qa.test.CreditCard">
    <skipped/>
  </testcase> <!-- @BeforeMethod extentReport -->
  <testcase name="@AfterMethod checkStatus" time="0.0" classname="com.qa.test.CreditCard">
    <skipped/>
  </testcase> <!-- @AfterMethod checkStatus -->
  <testcase name="@BeforeMethod extentReport" time="0.0" classname="com.qa.test.CreditCard">
    <skipped/>
  </testcase> <!-- @BeforeMethod extentReport -->
  <testcase name="@AfterMethod checkStatus" time="0.0" classname="com.qa.test.CreditCard">
    <skipped/>
  </testcase> <!-- @AfterMethod checkStatus -->
  <testcase name="@BeforeClass prepareSetUp" time="0.0" classname="com.qa.test.LettersAndDocs">
    <skipped/>
  </testcase> <!-- @BeforeClass prepareSetUp -->
  <testcase name="@BeforeMethod extentReport" time="0.0" classname="com.qa.test.LettersAndDocs">
    <skipped/>
  </testcase> <!-- @BeforeMethod extentReport -->
  <testcase name="@AfterMethod checkStatus" time="0.0" classname="com.qa.test.LettersAndDocs">
    <skipped/>
  </testcase> <!-- @AfterMethod checkStatus -->
  <testcase name="launchCreditCard" time="0.001" classname="com.qa.test.CreditCard">
    <skipped/>
  </testcase> <!-- launchCreditCard -->
  <testcase name="fillCreditCardForm" time="0.003" classname="com.qa.test.CreditCard">
    <skipped/>
  </testcase> <!-- fillCreditCardForm -->
  <testcase name="sendDocumentSupportRequest" time="0.001" classname="com.qa.test.LettersAndDocs">
    <skipped/>
  </testcase> <!-- sendDocumentSupportRequest -->
</testsuite> <!-- Test -->
